<?xml version="1.0" encoding="UTF-8"?>
<!-- Generated by org.testng.reporters.JUnitReportReporter -->
<testsuite hostname="LAPTOP-NJ4R4OAH" failures="0" tests="1" name="com.CQA.POMTest.ProfilePageTest$LoginPageTest" time="111.175" errors="0" timestamp="2022-09-23T08:13:32 IST" skipped="0">
  <testcase classname="com.CQA.POMTest.ProfilePageTest$LoginPageTest" name="uploadProfilePic" time="111.175"/>
  <system-out/>
</testsuite> <!-- com.CQA.POMTest.ProfilePageTest$LoginPageTest -->
