<?xml version="1.0" encoding="UTF-8"?>
<!-- Generated by org.testng.reporters.JUnitReportReporter -->
<testsuite hostname="LAPTOP-NJ4R4OAH" failures="0" tests="1" name="com.CQA.POMTest.LoginFromChrome" time="4.386" errors="0" timestamp="2022-09-13T11:33:14 IST" skipped="0">
  <testcase classname="com.CQA.POMTest.LoginFromChrome" name="chromeLogin" time="4.386"/>
  <system-out/>
</testsuite> <!-- com.CQA.POMTest.LoginFromChrome -->
