<?xml version="1.0" encoding="UTF-8"?>
<!-- Generated by org.testng.reporters.JUnitReportReporter -->
<testsuite hostname="LAPTOP-NJ4R4OAH" failures="0" tests="1" name="com.CQA.POMTest.ProfilePageTest" time="48.860" errors="0" timestamp="2022-09-29T12:49:33 IST" skipped="0">
  <testcase classname="com.CQA.POMTest.ProfilePageTest" name="editBio" time="48.860"/>
  <system-out/>
</testsuite> <!-- com.CQA.POMTest.ProfilePageTest -->
