<?xml version="1.0" encoding="UTF-8"?>
<!-- Generated by org.testng.reporters.JUnitReportReporter -->
<testsuite hostname="LAPTOP-NJ4R4OAH" failures="0" tests="1" name="com.CQA.POMTest.HomePageTest" time="101.931" errors="0" timestamp="2022-09-23T23:21:23 IST" skipped="0">
  <testcase classname="com.CQA.POMTest.HomePageTest" name="likeAndComment" time="101.931"/>
  <system-out/>
</testsuite> <!-- com.CQA.POMTest.HomePageTest -->
