<?xml version="1.0" encoding="UTF-8"?>
<!-- Generated by org.testng.reporters.JUnitReportReporter -->
<testsuite hostname="LAPTOP-NJ4R4OAH" failures="0" tests="1" name="com.CQA.POMTest.FriendsPageTest" time="35.940" errors="0" timestamp="2022-09-29T15:52:14 IST" skipped="0">
  <testcase classname="com.CQA.POMTest.FriendsPageTest" name="sendRequest" time="35.940"/>
  <system-out/>
</testsuite> <!-- com.CQA.POMTest.FriendsPageTest -->
