<?xml version="1.0" encoding="UTF-8"?>
<!-- Generated by org.testng.reporters.JUnitReportReporter -->
<testsuite hostname="LAPTOP-NJ4R4OAH" failures="0" tests="1" name="com.CQA.POMTest.LoginPageTest" time="16.438" errors="0" timestamp="2022-09-19T09:37:21 IST" skipped="0">
  <testcase classname="com.CQA.POMTest.LoginPageTest" name="validLoginPageWithXlsxDataTest" time="16.438"/>
  <system-out/>
</testsuite> <!-- com.CQA.POMTest.LoginPageTest -->
